# JRE version: OpenJDK Runtime Environment (11.0.10) (build 11.0.10+0-b96-7249189)
# Java VM: OpenJDK 64-Bit Server VM (11.0.10+0-b96-7249189, mixed mode, tiered, compressed oops, g1 gc, windows-amd64)
Heap:
 garbage-first heap   total 131072K, used 97102K [0x0000000080000000, 0x0000000100000000)
  region size 1024K, 16 young (16384K), 2 survivors (2048K)
 Metaspace       used 73232K, capacity 75184K, committed 75392K, reserved 1114112K
  class space    used 9381K, capacity 10048K, committed 10112K, reserved 1048576K
GC Heap History (20 events):
Event: 44.029 GC heap before
{Heap before GC invocations=10 (full 0):
 garbage-first heap   total 131072K, used 102050K [0x0000000080000000, 0x0000000100000000)
  region size 1024K, 58 young (59392K), 9 survivors (9216K)
 Metaspace       used 47285K, capacity 48789K, committed 48896K, reserved 1091584K
  class space    used 6069K, capacity 6556K, committed 6656K, reserved 1048576K
}
Event: 44.049 GC heap after
{Heap after GC invocations=11 (full 0):
 garbage-first heap   total 131072K, used 55338K [0x0000000080000000, 0x0000000100000000)
  region size 1024K, 4 young (4096K), 4 survivors (4096K)
 Metaspace       used 47285K, capacity 48789K, committed 48896K, reserved 1091584K
  class space    used 6069K, capacity 6556K, committed 6656K, reserved 1048576K
}
Event: 47.582 GC heap before
{Heap before GC invocations=11 (full 0):
 garbage-first heap   total 131072K, used 102442K [0x0000000080000000, 0x0000000100000000)
  region size 1024K, 51 young (52224K), 4 survivors (4096K)
 Metaspace       used 49371K, capacity 50902K, committed 51072K, reserved 1093632K
  class space    used 6296K, capacity 6782K, committed 6784K, reserved 1048576K
}
Event: 47.594 GC heap after
{Heap after GC invocations=12 (full 0):
 garbage-first heap   total 131072K, used 57808K [0x0000000080000000, 0x0000000100000000)
  region size 1024K, 6 young (6144K), 6 survivors (6144K)
 Metaspace       used 49371K, capacity 50902K, committed 51072K, reserved 1093632K
  class space    used 6296K, capacity 6782K, committed 6784K, reserved 1048576K
}
Event: 49.273 GC heap before
{Heap before GC invocations=12 (full 0):
 garbage-first heap   total 131072K, used 79312K [0x0000000080000000, 0x0000000100000000)
  region size 1024K, 23 young (23552K), 6 survivors (6144K)
 Metaspace       used 49668K, capacity 51227K, committed 51456K, reserved 1093632K
  class space    used 6325K, capacity 6820K, committed 6912K, reserved 1048576K
}
Event: 49.294 GC heap after
{Heap after GC invocations=13 (full 0):
 garbage-first heap   total 131072K, used 67953K [0x0000000080000000, 0x0000000100000000)
  region size 1024K, 7 young (7168K), 7 survivors (7168K)
 Metaspace       used 49668K, capacity 51227K, committed 51456K, reserved 1093632K
  class space    used 6325K, capacity 6820K, committed 6912K, reserved 1048576K
}
Event: 51.247 GC heap before
{Heap before GC invocations=14 (full 0):
 garbage-first heap   total 131072K, used 106865K [0x0000000080000000, 0x0000000100000000)
  region size 1024K, 43 young (44032K), 7 survivors (7168K)
 Metaspace       used 53613K, capacity 55269K, committed 55552K, reserved 1097728K
  class space    used 6833K, capacity 7376K, committed 7424K, reserved 1048576K
}
Event: 51.258 GC heap after
{Heap after GC invocations=15 (full 0):
 garbage-first heap   total 131072K, used 72803K [0x0000000080000000, 0x0000000100000000)
  region size 1024K, 3 young (3072K), 3 survivors (3072K)
 Metaspace       used 53613K, capacity 55269K, committed 55552K, reserved 1097728K
  class space    used 6833K, capacity 7376K, committed 7424K, reserved 1048576K
}
Event: 52.740 GC heap before
{Heap before GC invocations=15 (full 0):
 garbage-first heap   total 131072K, used 106595K [0x0000000080000000, 0x0000000100000000)
  region size 1024K, 36 young (36864K), 3 survivors (3072K)
 Metaspace       used 58860K, capacity 60528K, committed 60800K, reserved 1101824K
  class space    used 7421K, capacity 7993K, committed 8064K, reserved 1048576K
}
Event: 52.750 GC heap after
{Heap after GC invocations=16 (full 0):
 garbage-first heap   total 131072K, used 73625K [0x0000000080000000, 0x0000000100000000)
  region size 1024K, 4 young (4096K), 4 survivors (4096K)
 Metaspace       used 58860K, capacity 60528K, committed 60800K, reserved 1101824K
  class space    used 7421K, capacity 7993K, committed 8064K, reserved 1048576K
}
Event: 55.037 GC heap before
{Heap before GC invocations=17 (full 0):
 garbage-first heap   total 131072K, used 106393K [0x0000000080000000, 0x0000000100000000)
  region size 1024K, 37 young (37888K), 4 survivors (4096K)
 Metaspace       used 62747K, capacity 64489K, committed 64640K, reserved 1105920K
  class space    used 7909K, capacity 8502K, committed 8576K, reserved 1048576K
}
Event: 55.055 GC heap after
{Heap after GC invocations=18 (full 0):
 garbage-first heap   total 131072K, used 77138K [0x0000000080000000, 0x0000000100000000)
  region size 1024K, 5 young (5120K), 5 survivors (5120K)
 Metaspace       used 62747K, capacity 64489K, committed 64640K, reserved 1105920K
  class space    used 7909K, capacity 8502K, committed 8576K, reserved 1048576K
}
Event: 56.726 GC heap before
{Heap before GC invocations=18 (full 0):
 garbage-first heap   total 131072K, used 99666K [0x0000000080000000, 0x0000000100000000)
  region size 1024K, 28 young (28672K), 5 survivors (5120K)
 Metaspace       used 65123K, capacity 66924K, committed 67072K, reserved 1107968K
  class space    used 8216K, capacity 8839K, committed 8960K, reserved 1048576K
}
Event: 56.738 GC heap after
{Heap after GC invocations=19 (full 0):
 garbage-first heap   total 131072K, used 78662K [0x0000000080000000, 0x0000000100000000)
  region size 1024K, 2 young (2048K), 2 survivors (2048K)
 Metaspace       used 65123K, capacity 66924K, committed 67072K, reserved 1107968K
  class space    used 8216K, capacity 8839K, committed 8960K, reserved 1048576K
}
Event: 59.168 GC heap before
{Heap before GC invocations=20 (full 0):
 garbage-first heap   total 131072K, used 108358K [0x0000000080000000, 0x0000000100000000)
  region size 1024K, 30 young (30720K), 2 survivors (2048K)
 Metaspace       used 67861K, capacity 69685K, committed 69888K, reserved 1110016K
  class space    used 8549K, capacity 9157K, committed 9216K, reserved 1048576K
}
Event: 59.181 GC heap after
{Heap after GC invocations=21 (full 0):
 garbage-first heap   total 131072K, used 79585K [0x0000000080000000, 0x0000000100000000)
  region size 1024K, 3 young (3072K), 3 survivors (3072K)
 Metaspace       used 67861K, capacity 69685K, committed 69888K, reserved 1110016K
  class space    used 8549K, capacity 9157K, committed 9216K, reserved 1048576K
}
Event: 63.950 GC heap before
{Heap before GC invocations=21 (full 0):
 garbage-first heap   total 131072K, used 108257K [0x0000000080000000, 0x0000000100000000)
  region size 1024K, 31 young (31744K), 3 survivors (3072K)
 Metaspace       used 68472K, capacity 70415K, committed 70528K, reserved 1110016K
  class space    used 8637K, capacity 9293K, committed 9344K, reserved 1048576K
}
Event: 63.967 GC heap after
{Heap after GC invocations=22 (full 0):
 garbage-first heap   total 131072K, used 82584K [0x0000000080000000, 0x0000000100000000)
  region size 1024K, 4 young (4096K), 4 survivors (4096K)
 Metaspace       used 68472K, capacity 70415K, committed 70528K, reserved 1110016K
  class space    used 8637K, capacity 9293K, committed 9344K, reserved 1048576K
}
Event: 66.823 GC heap before
{Heap before GC invocations=23 (full 0):
 garbage-first heap   total 131072K, used 109208K [0x0000000080000000, 0x0000000100000000)
  region size 1024K, 30 young (30720K), 4 survivors (4096K)
 Metaspace       used 71447K, capacity 73315K, committed 73472K, reserved 1114112K
  class space    used 9061K, capacity 9685K, committed 9728K, reserved 1048576K
}
Event: 66.838 GC heap after
{Heap after GC invocations=24 (full 0):
 garbage-first heap   total 131072K, used 84814K [0x0000000080000000, 0x0000000100000000)
  region size 1024K, 2 young (2048K), 2 survivors (2048K)
 Metaspace       used 71447K, capacity 73315K, committed 73472K, reserved 1114112K
  class space    used 9061K, capacity 9685K, committed 9728K, reserved 1048576K
}

